 ---------------------------------------------------------------------------------------------------------------------------------- 
                                          loging report for : 05/04/2009   17:02:29
 ---------------------------------------------------------------------------------------------------------------------------------- 

17:02:29  |  General  |  Info  |  * Initialise: Gui  |  c:\documents and settings\administrator\desktop\mygui2.2.2_source\mygui2.2.2_source\myguiengine\src\mygui_gui.cpp  |  54
17:02:29  |  General  |  Info  |  * MyGUI version 2.2.2  |  c:\documents and settings\administrator\desktop\mygui2.2.2_source\mygui2.2.2_source\myguiengine\src\mygui_gui.cpp  |  58
17:02:29  |  General  |  Info  |  Viewport : 800 600  |  c:\documents and settings\administrator\desktop\mygui2.2.2_source\mygui2.2.2_source\myguiengine\src\mygui_gui.cpp  |  68
17:02:29  |  General  |  Info  |  * Initialise: ResourceManager  |  c:\documents and settings\administrator\desktop\mygui2.2.2_source\mygui2.2.2_source\myguiengine\src\mygui_resourcemanager.cpp  |  41
17:02:29  |  General  |  Info  |  ResourceManager successfully initialized  |  c:\documents and settings\administrator\desktop\mygui2.2.2_source\mygui2.2.2_source\myguiengine\src\mygui_resourcemanager.cpp  |  53
17:02:29  |  General  |  Info  |  * Initialise: LayerManager  |  c:\documents and settings\administrator\desktop\mygui2.2.2_source\mygui2.2.2_source\myguiengine\src\mygui_layermanager.cpp  |  41
17:02:29  |  General  |  Info  |  LayerManager successfully initialized  |  c:\documents and settings\administrator\desktop\mygui2.2.2_source\mygui2.2.2_source\myguiengine\src\mygui_layermanager.cpp  |  73
17:02:29  |  General  |  Info  |  * Initialise: WidgetManager  |  c:\documents and settings\administrator\desktop\mygui2.2.2_source\mygui2.2.2_source\myguiengine\src\mygui_widgetmanager.cpp  |  62
17:02:29  |  General  |  Info  |  * Register widget factory 'Widget'  |  c:\documents and settings\administrator\desktop\mygui2.2.2_source\mygui2.2.2_source\myguiengine\src\mygui_widgetmanager.cpp  |  118
17:02:29  |  General  |  Info  |  * Register widget factory 'Button'  |  c:\documents and settings\administrator\desktop\mygui2.2.2_source\mygui2.2.2_source\myguiengine\src\mygui_widgetmanager.cpp  |  118
17:02:29  |  General  |  Info  |  * Register widget factory 'Window'  |  c:\documents and settings\administrator\desktop\mygui2.2.2_source\mygui2.2.2_source\myguiengine\src\mygui_widgetmanager.cpp  |  118
17:02:29  |  General  |  Info  |  * Register widget factory 'List'  |  c:\documents and settings\administrator\desktop\mygui2.2.2_source\mygui2.2.2_source\myguiengine\src\mygui_widgetmanager.cpp  |  118
17:02:29  |  General  |  Info  |  * Register widget factory 'HScroll'  |  c:\documents and settings\administrator\desktop\mygui2.2.2_source\mygui2.2.2_source\myguiengine\src\mygui_widgetmanager.cpp  |  118
17:02:29  |  General  |  Info  |  * Register widget factory 'VScroll'  |  c:\documents and settings\administrator\desktop\mygui2.2.2_source\mygui2.2.2_source\myguiengine\src\mygui_widgetmanager.cpp  |  118
17:02:29  |  General  |  Info  |  * Register widget factory 'Edit'  |  c:\documents and settings\administrator\desktop\mygui2.2.2_source\mygui2.2.2_source\myguiengine\src\mygui_widgetmanager.cpp  |  118
17:02:29  |  General  |  Info  |  * Register widget factory 'ComboBox'  |  c:\documents and settings\administrator\desktop\mygui2.2.2_source\mygui2.2.2_source\myguiengine\src\mygui_widgetmanager.cpp  |  118
17:02:29  |  General  |  Info  |  * Register widget factory 'StaticText'  |  c:\documents and settings\administrator\desktop\mygui2.2.2_source\mygui2.2.2_source\myguiengine\src\mygui_widgetmanager.cpp  |  118
17:02:29  |  General  |  Info  |  * Register widget factory 'Tab'  |  c:\documents and settings\administrator\desktop\mygui2.2.2_source\mygui2.2.2_source\myguiengine\src\mygui_widgetmanager.cpp  |  118
17:02:29  |  General  |  Info  |  * Register widget factory 'TabItem'  |  c:\documents and settings\administrator\desktop\mygui2.2.2_source\mygui2.2.2_source\myguiengine\src\mygui_widgetmanager.cpp  |  118
17:02:29  |  General  |  Info  |  * Register widget factory 'TabItem'  |  c:\documents and settings\administrator\desktop\mygui2.2.2_source\mygui2.2.2_source\myguiengine\src\mygui_widgetmanager.cpp  |  118
17:02:29  |  General  |  Info  |  * Register widget factory 'Sheet'  |  c:\documents and settings\administrator\desktop\mygui2.2.2_source\mygui2.2.2_source\myguiengine\src\mygui_widgetmanager.cpp  |  118
17:02:29  |  General  |  Info  |  * Register widget factory 'Progress'  |  c:\documents and settings\administrator\desktop\mygui2.2.2_source\mygui2.2.2_source\myguiengine\src\mygui_widgetmanager.cpp  |  118
17:02:29  |  General  |  Info  |  * Register widget factory 'ItemBox'  |  c:\documents and settings\administrator\desktop\mygui2.2.2_source\mygui2.2.2_source\myguiengine\src\mygui_widgetmanager.cpp  |  118
17:02:29  |  General  |  Info  |  * Register widget factory 'MultiList'  |  c:\documents and settings\administrator\desktop\mygui2.2.2_source\mygui2.2.2_source\myguiengine\src\mygui_widgetmanager.cpp  |  118
17:02:29  |  General  |  Info  |  * Register widget factory 'StaticImage'  |  c:\documents and settings\administrator\desktop\mygui2.2.2_source\mygui2.2.2_source\myguiengine\src\mygui_widgetmanager.cpp  |  118
17:02:29  |  General  |  Info  |  * Register widget factory 'Message'  |  c:\documents and settings\administrator\desktop\mygui2.2.2_source\mygui2.2.2_source\myguiengine\src\mygui_widgetmanager.cpp  |  118
17:02:29  |  General  |  Info  |  * Register widget factory 'RenderBox'  |  c:\documents and settings\administrator\desktop\mygui2.2.2_source\mygui2.2.2_source\myguiengine\src\mygui_widgetmanager.cpp  |  118
17:02:29  |  General  |  Info  |  * Register widget factory 'MenuCtrl'  |  c:\documents and settings\administrator\desktop\mygui2.2.2_source\mygui2.2.2_source\myguiengine\src\mygui_widgetmanager.cpp  |  118
17:02:29  |  General  |  Info  |  * Register widget factory 'MenuItem'  |  c:\documents and settings\administrator\desktop\mygui2.2.2_source\mygui2.2.2_source\myguiengine\src\mygui_widgetmanager.cpp  |  118
17:02:29  |  General  |  Info  |  * Register widget factory 'PopupMenu'  |  c:\documents and settings\administrator\desktop\mygui2.2.2_source\mygui2.2.2_source\myguiengine\src\mygui_widgetmanager.cpp  |  118
17:02:29  |  General  |  Info  |  * Register widget factory 'MenuBar'  |  c:\documents and settings\administrator\desktop\mygui2.2.2_source\mygui2.2.2_source\myguiengine\src\mygui_widgetmanager.cpp  |  118
17:02:29  |  General  |  Info  |  * Register widget factory 'ScrollView'  |  c:\documents and settings\administrator\desktop\mygui2.2.2_source\mygui2.2.2_source\myguiengine\src\mygui_widgetmanager.cpp  |  118
17:02:29  |  General  |  Info  |  * Register widget factory 'DDContainer'  |  c:\documents and settings\administrator\desktop\mygui2.2.2_source\mygui2.2.2_source\myguiengine\src\mygui_widgetmanager.cpp  |  118
17:02:29  |  General  |  Info  |  * Register widget factory 'Canvas'  |  c:\documents and settings\administrator\desktop\mygui2.2.2_source\mygui2.2.2_source\myguiengine\src\mygui_widgetmanager.cpp  |  118
17:02:29  |  General  |  Info  |  WidgetManager successfully initialized  |  c:\documents and settings\administrator\desktop\mygui2.2.2_source\mygui2.2.2_source\myguiengine\src\mygui_widgetmanager.cpp  |  93
17:02:29  |  General  |  Info  |  * Initialise: InputManager  |  c:\documents and settings\administrator\desktop\mygui2.2.2_source\mygui2.2.2_source\myguiengine\src\mygui_inputmanager.cpp  |  51
17:02:29  |  General  |  Info  |  InputManager successfully initialized  |  c:\documents and settings\administrator\desktop\mygui2.2.2_source\mygui2.2.2_source\myguiengine\src\mygui_inputmanager.cpp  |  74
17:02:29  |  General  |  Info  |  * Initialise: SubWidgetManager  |  c:\documents and settings\administrator\desktop\mygui2.2.2_source\mygui2.2.2_source\myguiengine\src\mygui_subwidgetmanager.cpp  |  33
17:02:29  |  General  |  Info  |  SubWidgetManager successfully initialized  |  c:\documents and settings\administrator\desktop\mygui2.2.2_source\mygui2.2.2_source\myguiengine\src\mygui_subwidgetmanager.cpp  |  49
17:02:29  |  General  |  Info  |  * Initialise: SkinManager  |  c:\documents and settings\administrator\desktop\mygui2.2.2_source\mygui2.2.2_source\myguiengine\src\mygui_skinmanager.cpp  |  40
17:02:29  |  General  |  Info  |  SkinManager successfully initialized  |  c:\documents and settings\administrator\desktop\mygui2.2.2_source\mygui2.2.2_source\myguiengine\src\mygui_skinmanager.cpp  |  46
17:02:29  |  General  |  Info  |  * Initialise: FontManager  |  c:\documents and settings\administrator\desktop\mygui2.2.2_source\mygui2.2.2_source\myguiengine\src\mygui_fontmanager.cpp  |  43
17:02:29  |  General  |  Info  |  FontManager successfully initialized  |  c:\documents and settings\administrator\desktop\mygui2.2.2_source\mygui2.2.2_source\myguiengine\src\mygui_fontmanager.cpp  |  47
17:02:29  |  General  |  Info  |  * Initialise: ControllerManager  |  c:\documents and settings\administrator\desktop\mygui2.2.2_source\mygui2.2.2_source\myguiengine\src\mygui_controllermanager.cpp  |  36
17:02:29  |  General  |  Info  |  ControllerManager successfully initialized  |  c:\documents and settings\administrator\desktop\mygui2.2.2_source\mygui2.2.2_source\myguiengine\src\mygui_controllermanager.cpp  |  40
17:02:29  |  General  |  Info  |  * Initialise: PointerManager  |  c:\documents and settings\administrator\desktop\mygui2.2.2_source\mygui2.2.2_source\myguiengine\src\mygui_pointermanager.cpp  |  41
17:02:29  |  General  |  Info  |  PointerManager successfully initialized  |  c:\documents and settings\administrator\desktop\mygui2.2.2_source\mygui2.2.2_source\myguiengine\src\mygui_pointermanager.cpp  |  50
17:02:29  |  General  |  Info  |  * Initialise: ClipboardManager  |  c:\documents and settings\administrator\desktop\mygui2.2.2_source\mygui2.2.2_source\myguiengine\src\mygui_clipboardmanager.cpp  |  35
17:02:29  |  General  |  Info  |  ClipboardManager successfully initialized  |  c:\documents and settings\administrator\desktop\mygui2.2.2_source\mygui2.2.2_source\myguiengine\src\mygui_clipboardmanager.cpp  |  44
17:02:29  |  General  |  Info  |  * Initialise: LayoutManager  |  c:\documents and settings\administrator\desktop\mygui2.2.2_source\mygui2.2.2_source\myguiengine\src\mygui_layoutmanager.cpp  |  41
17:02:29  |  General  |  Info  |  LayoutManager successfully initialized  |  c:\documents and settings\administrator\desktop\mygui2.2.2_source\mygui2.2.2_source\myguiengine\src\mygui_layoutmanager.cpp  |  47
17:02:29  |  General  |  Info  |  * Initialise: DynLibManager  |  c:\documents and settings\administrator\desktop\mygui2.2.2_source\mygui2.2.2_source\myguiengine\src\mygui_dynlibmanager.cpp  |  34
17:02:29  |  General  |  Info  |  DynLibManager successfully initialized  |  c:\documents and settings\administrator\desktop\mygui2.2.2_source\mygui2.2.2_source\myguiengine\src\mygui_dynlibmanager.cpp  |  36
17:02:29  |  General  |  Info  |  * Initialise: PluginManager  |  c:\documents and settings\administrator\desktop\mygui2.2.2_source\mygui2.2.2_source\myguiengine\src\mygui_pluginmanager.cpp  |  36
17:02:29  |  General  |  Info  |  PluginManager successfully initialized  |  c:\documents and settings\administrator\desktop\mygui2.2.2_source\mygui2.2.2_source\myguiengine\src\mygui_pluginmanager.cpp  |  40
17:02:29  |  General  |  Info  |  * Initialise: LanguageManager  |  c:\documents and settings\administrator\desktop\mygui2.2.2_source\mygui2.2.2_source\myguiengine\src\mygui_languagemanager.cpp  |  37
17:02:29  |  General  |  Info  |  LanguageManager successfully initialized  |  c:\documents and settings\administrator\desktop\mygui2.2.2_source\mygui2.2.2_source\myguiengine\src\mygui_languagemanager.cpp  |  44
17:02:29  |  General  |  Info  |  Load ini file 'core_keyboard.xml' from resource group : General  |  c:\documents and settings\administrator\desktop\mygui2.2.2_source\mygui2.2.2_source\myguiengine\src\mygui_resourcemanager.cpp  |  171
17:02:29  |  General  |  Info  |  Load ini file 'core_language.xml' from resource group : General  |  c:\documents and settings\administrator\desktop\mygui2.2.2_source\mygui2.2.2_source\myguiengine\src\mygui_resourcemanager.cpp  |  171
17:02:29  |  General  |  Info  |  Load ini file 'core_layer.xml' from resource group : General  |  c:\documents and settings\administrator\desktop\mygui2.2.2_source\mygui2.2.2_source\myguiengine\src\mygui_resourcemanager.cpp  |  171
17:02:29  |  General  |  Info  |  Load ini file 'core_font.xml' from resource group : General  |  c:\documents and settings\administrator\desktop\mygui2.2.2_source\mygui2.2.2_source\myguiengine\src\mygui_resourcemanager.cpp  |  171
17:02:29  |  General  |  Info  |  Load ini file 'core_theme.xml' from resource group : General  |  c:\documents and settings\administrator\desktop\mygui2.2.2_source\mygui2.2.2_source\myguiengine\src\mygui_resourcemanager.cpp  |  171
17:02:29  |  General  |  Info  |  Load ini file 'core_resource.xml' from resource group : General  |  c:\documents and settings\administrator\desktop\mygui2.2.2_source\mygui2.2.2_source\myguiengine\src\mygui_resourcemanager.cpp  |  171
17:02:29  |  General  |  Info  |  Load ini file 'core_skin.xml' from resource group : General  |  c:\documents and settings\administrator\desktop\mygui2.2.2_source\mygui2.2.2_source\myguiengine\src\mygui_resourcemanager.cpp  |  171
17:02:29  |  General  |  Info  |  Register value : 'HCenter' = 0  |  c:\documents and settings\administrator\desktop\mygui2.2.2_source\mygui2.2.2_source\myguiengine\include\mygui_align.h  |  164
17:02:29  |  General  |  Info  |  Register value : 'VCenter' = 0  |  c:\documents and settings\administrator\desktop\mygui2.2.2_source\mygui2.2.2_source\myguiengine\include\mygui_align.h  |  165
17:02:29  |  General  |  Info  |  Register value : 'Center' = 0  |  c:\documents and settings\administrator\desktop\mygui2.2.2_source\mygui2.2.2_source\myguiengine\include\mygui_align.h  |  166
17:02:29  |  General  |  Info  |  Register value : 'Left' = 2  |  c:\documents and settings\administrator\desktop\mygui2.2.2_source\mygui2.2.2_source\myguiengine\include\mygui_align.h  |  167
17:02:29  |  General  |  Info  |  Register value : 'Right' = 4  |  c:\documents and settings\administrator\desktop\mygui2.2.2_source\mygui2.2.2_source\myguiengine\include\mygui_align.h  |  168
17:02:29  |  General  |  Info  |  Register value : 'HStretch' = 6  |  c:\documents and settings\administrator\desktop\mygui2.2.2_source\mygui2.2.2_source\myguiengine\include\mygui_align.h  |  169
17:02:29  |  General  |  Info  |  Register value : 'Top' = 8  |  c:\documents and settings\administrator\desktop\mygui2.2.2_source\mygui2.2.2_source\myguiengine\include\mygui_align.h  |  170
17:02:29  |  General  |  Info  |  Register value : 'Bottom' = 16  |  c:\documents and settings\administrator\desktop\mygui2.2.2_source\mygui2.2.2_source\myguiengine\include\mygui_align.h  |  171
17:02:29  |  General  |  Info  |  Register value : 'VStretch' = 24  |  c:\documents and settings\administrator\desktop\mygui2.2.2_source\mygui2.2.2_source\myguiengine\include\mygui_align.h  |  172
17:02:29  |  General  |  Info  |  Register value : 'Stretch' = 30  |  c:\documents and settings\administrator\desktop\mygui2.2.2_source\mygui2.2.2_source\myguiengine\include\mygui_align.h  |  173
17:02:29  |  General  |  Info  |  Register value : 'Default' = 10  |  c:\documents and settings\administrator\desktop\mygui2.2.2_source\mygui2.2.2_source\myguiengine\include\mygui_align.h  |  174
17:02:30  |  General  |  Info  |  Load ini file 'core_pointer.xml' from resource group : General  |  c:\documents and settings\administrator\desktop\mygui2.2.2_source\mygui2.2.2_source\myguiengine\src\mygui_resourcemanager.cpp  |  171
17:02:30  |  General  |  Info  |  Gui successfully initialized  |  c:\documents and settings\administrator\desktop\mygui2.2.2_source\mygui2.2.2_source\myguiengine\src\mygui_gui.cpp  |  112
17:02:30  |  General  |  Info  |  Font 'Default' using texture size 1024 x 128  |  c:\documents and settings\administrator\desktop\mygui2.2.2_source\mygui2.2.2_source\myguiengine\src\mygui_font.cpp  |  205
17:02:30  |  General  |  Info  |  Font 'Default' using real height 17 pixels  |  c:\documents and settings\administrator\desktop\mygui2.2.2_source\mygui2.2.2_source\myguiengine\src\mygui_font.cpp  |  206
17:02:30  |  General  |  Info  |  Font 'DejaVuSans.14' using texture size 1024 x 128  |  c:\documents and settings\administrator\desktop\mygui2.2.2_source\mygui2.2.2_source\myguiengine\src\mygui_font.cpp  |  205
17:02:30  |  General  |  Info  |  Font 'DejaVuSans.14' using real height 14 pixels  |  c:\documents and settings\administrator\desktop\mygui2.2.2_source\mygui2.2.2_source\myguiengine\src\mygui_font.cpp  |  206
17:02:44  |  General  |  Info  |  * Shutdown: Gui  |  c:\documents and settings\administrator\desktop\mygui2.2.2_source\mygui2.2.2_source\myguiengine\src\mygui_gui.cpp  |  119
17:02:44  |  General  |  Info  |  * Shutdown: PointerManager  |  c:\documents and settings\administrator\desktop\mygui2.2.2_source\mygui2.2.2_source\myguiengine\src\mygui_pointermanager.cpp  |  57
17:02:44  |  General  |  Info  |  PointerManager successfully shutdown  |  c:\documents and settings\administrator\desktop\mygui2.2.2_source\mygui2.2.2_source\myguiengine\src\mygui_pointermanager.cpp  |  67
17:02:44  |  General  |  Info  |  * Shutdown: InputManager  |  c:\documents and settings\administrator\desktop\mygui2.2.2_source\mygui2.2.2_source\myguiengine\src\mygui_inputmanager.cpp  |  81
17:02:44  |  General  |  Info  |  InputManager successfully shutdown  |  c:\documents and settings\administrator\desktop\mygui2.2.2_source\mygui2.2.2_source\myguiengine\src\mygui_inputmanager.cpp  |  87
17:02:44  |  General  |  Info  |  * Shutdown: SkinManager  |  c:\documents and settings\administrator\desktop\mygui2.2.2_source\mygui2.2.2_source\myguiengine\src\mygui_skinmanager.cpp  |  53
17:02:44  |  General  |  Info  |  SkinManager successfully shutdown  |  c:\documents and settings\administrator\desktop\mygui2.2.2_source\mygui2.2.2_source\myguiengine\src\mygui_skinmanager.cpp  |  64
17:02:44  |  General  |  Info  |  * Shutdown: SubWidgetManager  |  c:\documents and settings\administrator\desktop\mygui2.2.2_source\mygui2.2.2_source\myguiengine\src\mygui_subwidgetmanager.cpp  |  56
17:02:44  |  General  |  Info  |  SubWidgetManager successfully shutdown  |  c:\documents and settings\administrator\desktop\mygui2.2.2_source\mygui2.2.2_source\myguiengine\src\mygui_subwidgetmanager.cpp  |  67
17:02:44  |  General  |  Info  |  * Shutdown: LayerManager  |  c:\documents and settings\administrator\desktop\mygui2.2.2_source\mygui2.2.2_source\myguiengine\src\mygui_layermanager.cpp  |  80
17:02:44  |  General  |  Info  |  destroy layer 'Back'  |  c:\documents and settings\administrator\desktop\mygui2.2.2_source\mygui2.2.2_source\myguiengine\src\mygui_layermanager.cpp  |  292
17:02:44  |  General  |  Info  |  destroy layer 'Overlapped'  |  c:\documents and settings\administrator\desktop\mygui2.2.2_source\mygui2.2.2_source\myguiengine\src\mygui_layermanager.cpp  |  292
17:02:44  |  General  |  Info  |  destroy layer 'Middle'  |  c:\documents and settings\administrator\desktop\mygui2.2.2_source\mygui2.2.2_source\myguiengine\src\mygui_layermanager.cpp  |  292
17:02:44  |  General  |  Info  |  destroy layer 'Modal'  |  c:\documents and settings\administrator\desktop\mygui2.2.2_source\mygui2.2.2_source\myguiengine\src\mygui_layermanager.cpp  |  292
17:02:44  |  General  |  Info  |  destroy layer 'Main'  |  c:\documents and settings\administrator\desktop\mygui2.2.2_source\mygui2.2.2_source\myguiengine\src\mygui_layermanager.cpp  |  292
17:02:44  |  General  |  Info  |  destroy layer 'Popup'  |  c:\documents and settings\administrator\desktop\mygui2.2.2_source\mygui2.2.2_source\myguiengine\src\mygui_layermanager.cpp  |  292
17:02:44  |  General  |  Info  |  destroy layer 'FadeMiddle'  |  c:\documents and settings\administrator\desktop\mygui2.2.2_source\mygui2.2.2_source\myguiengine\src\mygui_layermanager.cpp  |  292
17:02:44  |  General  |  Info  |  destroy layer 'Info'  |  c:\documents and settings\administrator\desktop\mygui2.2.2_source\mygui2.2.2_source\myguiengine\src\mygui_layermanager.cpp  |  292
17:02:44  |  General  |  Info  |  destroy layer 'ToolTip'  |  c:\documents and settings\administrator\desktop\mygui2.2.2_source\mygui2.2.2_source\myguiengine\src\mygui_layermanager.cpp  |  292
17:02:44  |  General  |  Info  |  destroy layer 'DragAndDrop'  |  c:\documents and settings\administrator\desktop\mygui2.2.2_source\mygui2.2.2_source\myguiengine\src\mygui_layermanager.cpp  |  292
17:02:44  |  General  |  Info  |  destroy layer 'FadeBusy'  |  c:\documents and settings\administrator\desktop\mygui2.2.2_source\mygui2.2.2_source\myguiengine\src\mygui_layermanager.cpp  |  292
17:02:44  |  General  |  Info  |  destroy layer 'Pointer'  |  c:\documents and settings\administrator\desktop\mygui2.2.2_source\mygui2.2.2_source\myguiengine\src\mygui_layermanager.cpp  |  292
17:02:44  |  General  |  Info  |  destroy layer 'Fade'  |  c:\documents and settings\administrator\desktop\mygui2.2.2_source\mygui2.2.2_source\myguiengine\src\mygui_layermanager.cpp  |  292
17:02:44  |  General  |  Info  |  destroy layer 'Statistic'  |  c:\documents and settings\administrator\desktop\mygui2.2.2_source\mygui2.2.2_source\myguiengine\src\mygui_layermanager.cpp  |  292
17:02:44  |  General  |  Info  |  LayerManager successfully shutdown  |  c:\documents and settings\administrator\desktop\mygui2.2.2_source\mygui2.2.2_source\myguiengine\src\mygui_layermanager.cpp  |  96
17:02:44  |  General  |  Info  |  * Shutdown: FontManager  |  c:\documents and settings\administrator\desktop\mygui2.2.2_source\mygui2.2.2_source\myguiengine\src\mygui_fontmanager.cpp  |  54
17:02:44  |  General  |  Info  |  FontManager successfully shutdown  |  c:\documents and settings\administrator\desktop\mygui2.2.2_source\mygui2.2.2_source\myguiengine\src\mygui_fontmanager.cpp  |  58
17:02:44  |  General  |  Info  |  * Shutdown: ControllerManager  |  c:\documents and settings\administrator\desktop\mygui2.2.2_source\mygui2.2.2_source\myguiengine\src\mygui_controllermanager.cpp  |  47
17:02:44  |  General  |  Info  |  ControllerManager successfully shutdown  |  c:\documents and settings\administrator\desktop\mygui2.2.2_source\mygui2.2.2_source\myguiengine\src\mygui_controllermanager.cpp  |  52
17:02:44  |  General  |  Info  |  * Shutdown: ClipboardManager  |  c:\documents and settings\administrator\desktop\mygui2.2.2_source\mygui2.2.2_source\myguiengine\src\mygui_clipboardmanager.cpp  |  51
17:02:44  |  General  |  Info  |  ClipboardManager successfully shutdown  |  c:\documents and settings\administrator\desktop\mygui2.2.2_source\mygui2.2.2_source\myguiengine\src\mygui_clipboardmanager.cpp  |  53
17:02:44  |  General  |  Info  |  * Shutdown: LayoutManager  |  c:\documents and settings\administrator\desktop\mygui2.2.2_source\mygui2.2.2_source\myguiengine\src\mygui_layoutmanager.cpp  |  54
17:02:44  |  General  |  Info  |  LayoutManager successfully shutdown  |  c:\documents and settings\administrator\desktop\mygui2.2.2_source\mygui2.2.2_source\myguiengine\src\mygui_layoutmanager.cpp  |  58
17:02:44  |  General  |  Info  |  * Shutdown: PluginManager  |  c:\documents and settings\administrator\desktop\mygui2.2.2_source\mygui2.2.2_source\myguiengine\src\mygui_pluginmanager.cpp  |  47
17:02:44  |  General  |  Info  |  PluginManager successfully shutdown  |  c:\documents and settings\administrator\desktop\mygui2.2.2_source\mygui2.2.2_source\myguiengine\src\mygui_pluginmanager.cpp  |  52
17:02:44  |  General  |  Info  |  * Shutdown: DynLibManager  |  c:\documents and settings\administrator\desktop\mygui2.2.2_source\mygui2.2.2_source\myguiengine\src\mygui_dynlibmanager.cpp  |  43
17:02:44  |  General  |  Info  |  DynLibManager successfully shutdown  |  c:\documents and settings\administrator\desktop\mygui2.2.2_source\mygui2.2.2_source\myguiengine\src\mygui_dynlibmanager.cpp  |  57
17:02:44  |  General  |  Info  |  * Shutdown: LanguageManager  |  c:\documents and settings\administrator\desktop\mygui2.2.2_source\mygui2.2.2_source\myguiengine\src\mygui_languagemanager.cpp  |  51
17:02:44  |  General  |  Info  |  LanguageManager successfully shutdown  |  c:\documents and settings\administrator\desktop\mygui2.2.2_source\mygui2.2.2_source\myguiengine\src\mygui_languagemanager.cpp  |  55
17:02:44  |  General  |  Info  |  * Shutdown: ResourceManager  |  c:\documents and settings\administrator\desktop\mygui2.2.2_source\mygui2.2.2_source\myguiengine\src\mygui_resourcemanager.cpp  |  60
17:02:44  |  General  |  Info  |  ResourceManager successfully shutdown  |  c:\documents and settings\administrator\desktop\mygui2.2.2_source\mygui2.2.2_source\myguiengine\src\mygui_resourcemanager.cpp  |  71
17:02:44  |  General  |  Info  |  * Shutdown: WidgetManager  |  c:\documents and settings\administrator\desktop\mygui2.2.2_source\mygui2.2.2_source\myguiengine\src\mygui_widgetmanager.cpp  |  100
17:02:44  |  General  |  Info  |  * Unregister widget factory 'DDContainer'  |  c:\documents and settings\administrator\desktop\mygui2.2.2_source\mygui2.2.2_source\myguiengine\src\mygui_widgetmanager.cpp  |  125
17:02:44  |  General  |  Info  |  * Unregister widget factory 'Widget'  |  c:\documents and settings\administrator\desktop\mygui2.2.2_source\mygui2.2.2_source\myguiengine\src\mygui_widgetmanager.cpp  |  125
17:02:44  |  General  |  Info  |  * Unregister widget factory 'Button'  |  c:\documents and settings\administrator\desktop\mygui2.2.2_source\mygui2.2.2_source\myguiengine\src\mygui_widgetmanager.cpp  |  125
17:02:44  |  General  |  Info  |  * Unregister widget factory 'Window'  |  c:\documents and settings\administrator\desktop\mygui2.2.2_source\mygui2.2.2_source\myguiengine\src\mygui_widgetmanager.cpp  |  125
17:02:44  |  General  |  Info  |  * Unregister widget factory 'List'  |  c:\documents and settings\administrator\desktop\mygui2.2.2_source\mygui2.2.2_source\myguiengine\src\mygui_widgetmanager.cpp  |  125
17:02:44  |  General  |  Info  |  * Unregister widget factory 'HScroll'  |  c:\documents and settings\administrator\desktop\mygui2.2.2_source\mygui2.2.2_source\myguiengine\src\mygui_widgetmanager.cpp  |  125
17:02:44  |  General  |  Info  |  * Unregister widget factory 'VScroll'  |  c:\documents and settings\administrator\desktop\mygui2.2.2_source\mygui2.2.2_source\myguiengine\src\mygui_widgetmanager.cpp  |  125
17:02:44  |  General  |  Info  |  * Unregister widget factory 'Edit'  |  c:\documents and settings\administrator\desktop\mygui2.2.2_source\mygui2.2.2_source\myguiengine\src\mygui_widgetmanager.cpp  |  125
17:02:44  |  General  |  Info  |  * Unregister widget factory 'Progress'  |  c:\documents and settings\administrator\desktop\mygui2.2.2_source\mygui2.2.2_source\myguiengine\src\mygui_widgetmanager.cpp  |  125
17:02:44  |  General  |  Info  |  * Unregister widget factory 'ItemBox'  |  c:\documents and settings\administrator\desktop\mygui2.2.2_source\mygui2.2.2_source\myguiengine\src\mygui_widgetmanager.cpp  |  125
17:02:44  |  General  |  Info  |  * Unregister widget factory 'MultiList'  |  c:\documents and settings\administrator\desktop\mygui2.2.2_source\mygui2.2.2_source\myguiengine\src\mygui_widgetmanager.cpp  |  125
17:02:44  |  General  |  Info  |  * Unregister widget factory 'StaticImage'  |  c:\documents and settings\administrator\desktop\mygui2.2.2_source\mygui2.2.2_source\myguiengine\src\mygui_widgetmanager.cpp  |  125
17:02:44  |  General  |  Info  |  * Unregister widget factory 'Message'  |  c:\documents and settings\administrator\desktop\mygui2.2.2_source\mygui2.2.2_source\myguiengine\src\mygui_widgetmanager.cpp  |  125
17:02:44  |  General  |  Info  |  * Unregister widget factory 'RenderBox'  |  c:\documents and settings\administrator\desktop\mygui2.2.2_source\mygui2.2.2_source\myguiengine\src\mygui_widgetmanager.cpp  |  125
17:02:44  |  General  |  Info  |  * Unregister widget factory 'ComboBox'  |  c:\documents and settings\administrator\desktop\mygui2.2.2_source\mygui2.2.2_source\myguiengine\src\mygui_widgetmanager.cpp  |  125
17:02:44  |  General  |  Info  |  * Unregister widget factory 'StaticText'  |  c:\documents and settings\administrator\desktop\mygui2.2.2_source\mygui2.2.2_source\myguiengine\src\mygui_widgetmanager.cpp  |  125
17:02:44  |  General  |  Info  |  * Unregister widget factory 'Tab'  |  c:\documents and settings\administrator\desktop\mygui2.2.2_source\mygui2.2.2_source\myguiengine\src\mygui_widgetmanager.cpp  |  125
17:02:44  |  General  |  Info  |  * Unregister widget factory 'TabItem'  |  c:\documents and settings\administrator\desktop\mygui2.2.2_source\mygui2.2.2_source\myguiengine\src\mygui_widgetmanager.cpp  |  125
17:02:44  |  General  |  Info  |  * Unregister widget factory 'MenuCtrl'  |  c:\documents and settings\administrator\desktop\mygui2.2.2_source\mygui2.2.2_source\myguiengine\src\mygui_widgetmanager.cpp  |  125
17:02:44  |  General  |  Info  |  * Unregister widget factory 'MenuItem'  |  c:\documents and settings\administrator\desktop\mygui2.2.2_source\mygui2.2.2_source\myguiengine\src\mygui_widgetmanager.cpp  |  125
17:02:44  |  General  |  Info  |  * Unregister widget factory 'PopupMenu'  |  c:\documents and settings\administrator\desktop\mygui2.2.2_source\mygui2.2.2_source\myguiengine\src\mygui_widgetmanager.cpp  |  125
17:02:44  |  General  |  Info  |  * Unregister widget factory 'MenuBar'  |  c:\documents and settings\administrator\desktop\mygui2.2.2_source\mygui2.2.2_source\myguiengine\src\mygui_widgetmanager.cpp  |  125
17:02:44  |  General  |  Info  |  * Unregister widget factory 'ScrollView'  |  c:\documents and settings\administrator\desktop\mygui2.2.2_source\mygui2.2.2_source\myguiengine\src\mygui_widgetmanager.cpp  |  125
17:02:44  |  General  |  Info  |  * Unregister widget factory 'Canvas'  |  c:\documents and settings\administrator\desktop\mygui2.2.2_source\mygui2.2.2_source\myguiengine\src\mygui_widgetmanager.cpp  |  125
17:02:44  |  General  |  Info  |  WidgetManager successfully shutdown  |  c:\documents and settings\administrator\desktop\mygui2.2.2_source\mygui2.2.2_source\myguiengine\src\mygui_widgetmanager.cpp  |  111
17:02:44  |  General  |  Info  |  Gui successfully shutdown  |  c:\documents and settings\administrator\desktop\mygui2.2.2_source\mygui2.2.2_source\myguiengine\src\mygui_gui.cpp  |  162
