17:02:27: Creating resource group General
17:02:27: Creating resource group Internal
17:02:27: Creating resource group Autodetect
17:02:27: SceneManagerFactory for type 'DefaultSceneManager' registered.
17:02:27: Registering ResourceManager for type Material
17:02:27: Registering ResourceManager for type Mesh
17:02:27: Registering ResourceManager for type Skeleton
17:02:27: MovableObjectFactory for type 'ParticleSystem' registered.
17:02:27: OverlayElementFactory for type Panel registered.
17:02:27: OverlayElementFactory for type BorderPanel registered.
17:02:27: OverlayElementFactory for type TextArea registered.
17:02:27: Registering ResourceManager for type Font
17:02:27: ArchiveFactory for archive type FileSystem registered.
17:02:27: ArchiveFactory for archive type Zip registered.
17:02:27: FreeImage version: 3.10.0
17:02:27: This program uses FreeImage, a free, open source image library supporting all common bitmap formats. See http://freeimage.sourceforge.net for details
17:02:27: Supported formats: bmp,ico,jpg,jif,jpeg,jpe,jng,koa,iff,lbm,mng,pbm,pbm,pcd,pcx,pgm,pgm,png,ppm,ppm,ras,tga,targa,tif,tiff,wap,wbmp,wbm,psd,cut,xbm,xpm,gif,hdr,g3,sgi,exr,j2k,j2c,jp2
17:02:27: DDS codec registering
17:02:27: Registering ResourceManager for type HighLevelGpuProgram
17:02:27: Registering ResourceManager for type Compositor
17:02:27: MovableObjectFactory for type 'Entity' registered.
17:02:27: MovableObjectFactory for type 'Light' registered.
17:02:27: MovableObjectFactory for type 'BillboardSet' registered.
17:02:27: MovableObjectFactory for type 'ManualObject' registered.
17:02:27: MovableObjectFactory for type 'BillboardChain' registered.
17:02:27: MovableObjectFactory for type 'RibbonTrail' registered.
17:02:27: Loading library .\RenderSystem_Direct3D9_d
17:02:27: Installing plugin: D3D9 RenderSystem
17:02:27: D3D9 : Direct3D9 Rendering Subsystem created.
17:02:27: D3D9: Driver Detection Starts
17:02:27: D3D9: Driver Detection Ends
17:02:27: Plugin successfully installed
17:02:27: Loading library .\RenderSystem_GL_d
17:02:27: Installing plugin: GL RenderSystem
17:02:27: OpenGL Rendering Subsystem created.
17:02:27: Plugin successfully installed
17:02:27: Loading library .\Plugin_ParticleFX_d
17:02:27: Installing plugin: ParticleFX
17:02:27: Particle Emitter Type 'Point' registered
17:02:27: Particle Emitter Type 'Box' registered
17:02:27: Particle Emitter Type 'Ellipsoid' registered
17:02:27: Particle Emitter Type 'Cylinder' registered
17:02:27: Particle Emitter Type 'Ring' registered
17:02:27: Particle Emitter Type 'HollowEllipsoid' registered
17:02:27: Particle Affector Type 'LinearForce' registered
17:02:27: Particle Affector Type 'ColourFader' registered
17:02:27: Particle Affector Type 'ColourFader2' registered
17:02:27: Particle Affector Type 'ColourImage' registered
17:02:27: Particle Affector Type 'ColourInterpolator' registered
17:02:27: Particle Affector Type 'Scaler' registered
17:02:27: Particle Affector Type 'Rotator' registered
17:02:27: Particle Affector Type 'DirectionRandomiser' registered
17:02:27: Particle Affector Type 'DeflectorPlane' registered
17:02:27: Plugin successfully installed
17:02:27: Loading library .\Plugin_BSPSceneManager_d
17:02:27: Installing plugin: BSP Scene Manager
17:02:27: Plugin successfully installed
17:02:27: Loading library .\Plugin_CgProgramManager_d
17:02:27: Installing plugin: Cg Program Manager
17:02:28: Plugin successfully installed
17:02:28: Loading library .\Plugin_PCZSceneManager_d.dll
17:02:28: Installing plugin: Portal Connected Zone Scene Manager
17:02:28: PCZone Factory Type 'ZoneType_Default' registered
17:02:28: Plugin successfully installed
17:02:28: Loading library .\Plugin_OctreeZone_d.dll
17:02:28: Installing plugin: Octree Zone Factory
17:02:28: Plugin successfully installed
17:02:28: Loading library .\Plugin_OctreeSceneManager_d
17:02:28: Installing plugin: Octree & Terrain Scene Manager
17:02:28: Plugin successfully installed
17:02:28: *-*-* OGRE Initialising
17:02:28: *-*-* Version 1.6.1 (Shoggoth)
17:02:28: Added resource location 'Media/' of type 'FileSystem' to resource group 'General'
17:02:28: Added resource location 'Media/MyGUI_Media/' of type 'FileSystem' to resource group 'General'
17:02:28: D3D9 : RenderSystem Option: Allow NVPerfHUD = No
17:02:28: D3D9 : RenderSystem Option: Anti aliasing = None
17:02:28: D3D9 : RenderSystem Option: Floating-point mode = Fastest
17:02:28: D3D9 : RenderSystem Option: Full Screen = No
17:02:28: D3D9 : RenderSystem Option: Rendering Device = NVIDIA GeForce 8800 GS (Prerelease - WDDM 1.1)
17:02:28: D3D9 : RenderSystem Option: VSync = No
17:02:28: D3D9 : RenderSystem Option: Video Mode = 800 x 600 @ 32-bit colour
17:02:28: D3D9 : RenderSystem Option: sRGB Gamma Conversion = No
17:02:28: CPU Identifier & Features
17:02:28: -------------------------
17:02:28:  *   CPU ID: GenuineIntel: Intel(R) Core(TM)2 CPU          6320  @ 1.86GHz
17:02:28:  *      SSE: yes
17:02:28:  *     SSE2: yes
17:02:28:  *     SSE3: yes
17:02:28:  *      MMX: yes
17:02:28:  *   MMXEXT: yes
17:02:28:  *    3DNOW: no
17:02:28:  * 3DNOWEXT: no
17:02:28:  *     CMOV: yes
17:02:28:  *      TSC: yes
17:02:28:  *      FPU: yes
17:02:28:  *      PRO: yes
17:02:28:  *       HT: no
17:02:28: -------------------------
17:02:28: D3D9 : Subsystem Initialising
17:02:28: D3D9RenderSystem::_createRenderWindow "PuzzleGame", 800x600 windowed  miscParams: FSAA=0 FSAAQuality=0 colourDepth=32 gamma=false useNVPerfHUD=false vsync=false 
17:02:28: D3D9 : Created D3D9 Rendering Window 'PuzzleGame' : 800x600, 32bpp
17:02:28: D3D9 : WARNING - disabling VSync in windowed mode can cause timing issues at lower frame rates, turn VSync on if you observe this problem.
17:02:29: Registering ResourceManager for type Texture
17:02:29: Registering ResourceManager for type GpuProgram
17:02:29: D3D9: Vertex texture format supported - PF_FLOAT16_RGB
17:02:29: D3D9: Vertex texture format supported - PF_FLOAT16_RGBA
17:02:29: D3D9: Vertex texture format supported - PF_FLOAT32_RGB
17:02:29: D3D9: Vertex texture format supported - PF_FLOAT32_RGBA
17:02:29: D3D9: Vertex texture format supported - PF_FLOAT16_R
17:02:29: D3D9: Vertex texture format supported - PF_FLOAT32_R
17:02:29: D3D9: Vertex texture format supported - PF_FLOAT16_GR
17:02:29: D3D9: Vertex texture format supported - PF_FLOAT32_GR
17:02:29: RenderSystem capabilities
17:02:29: -------------------------
17:02:29: RenderSystem Name: Direct3D9 Rendering Subsystem
17:02:29: GPU Vendor: nvidia
17:02:29: Device Name: NVIDIA GeForce 8800 GS (Prerelease - WDDM 1.1)
17:02:29: Driver Version: 8.15.11.8171
17:02:29:  * Fixed function pipeline: yes
17:02:29:  * Hardware generation of mipmaps: yes
17:02:29:  * Texture blending: yes
17:02:29:  * Anisotropic texture filtering: yes
17:02:29:  * Dot product texture operation: yes
17:02:29:  * Cube mapping: yes
17:02:29:  * Hardware stencil buffer: yes
17:02:29:    - Stencil depth: 8
17:02:29:    - Two sided stencil support: yes
17:02:29:    - Wrap stencil values: yes
17:02:29:  * Hardware vertex / index buffers: yes
17:02:29:  * Vertex programs: yes
17:02:29:  * Fragment programs: yes
17:02:29:  * Geometry programs: no
17:02:29:  * Supported Shader Profiles: hlsl ps_1_1 ps_1_2 ps_1_3 ps_1_4 ps_2_0 ps_2_a ps_2_b ps_2_x ps_3_0 vs_1_1 vs_2_0 vs_2_a vs_2_x vs_3_0
17:02:29:  * Texture Compression: yes
17:02:29:    - DXT: yes
17:02:29:    - VTC: no
17:02:29:  * Scissor Rectangle: yes
17:02:29:  * Hardware Occlusion Query: yes
17:02:29:  * User clip planes: yes
17:02:29:  * VET_UBYTE4 vertex element type: yes
17:02:29:  * Infinite far plane projection: yes
17:02:29:  * Hardware render-to-texture: yes
17:02:29:  * Floating point textures: yes
17:02:29:  * Non-power-of-two textures: yes
17:02:29:  * Volume textures: yes
17:02:29:  * Multiple Render Targets: 4
17:02:29:    - With different bit depths: yes
17:02:29:  * Point Sprites: yes
17:02:29:  * Extended point parameters: yes
17:02:29:  * Max Point Size: 8192
17:02:29:  * Vertex texture fetch: yes
17:02:29:    - Max vertex textures: 4
17:02:29:    - Vertex textures shared: no
17:02:29:  * Render to Vertex Buffer : no
17:02:29:  * DirectX per stage constants: yes
17:02:29: ***************************************
17:02:29: *** D3D9 : Subsystem Initialised OK ***
17:02:29: ***************************************
17:02:29: ResourceBackgroundQueue - threading disabled
17:02:29: Particle Renderer Type 'billboard' registered
17:02:29: SceneManagerFactory for type 'BspSceneManager' registered.
17:02:29: Registering ResourceManager for type BspLevel
17:02:29: SceneManagerFactory for type 'PCZSceneManager' registered.
17:02:29: MovableObjectFactory for type 'PCZLight' registered.
17:02:29: PCZone Factory Type 'ZoneType_Octree' registered
17:02:29: PCZone Factory Type 'ZoneType_Terrain' registered
17:02:29: SceneManagerFactory for type 'OctreeSceneManager' registered.
17:02:29: SceneManagerFactory for type 'TerrainSceneManager' registered.
17:02:29: Parsing scripts for resource group Autodetect
17:02:29: Finished parsing scripts for resource group Autodetect
17:02:29: Parsing scripts for resource group General
17:02:29: Parsing script board.material
17:02:29: Parsing script brick1.material
17:02:29: Parsing script selected.material
17:02:29: Parsing script zbrick.material
17:02:29: Parsing script zbricktext.material
17:02:29: Finished parsing scripts for resource group General
17:02:29: Parsing scripts for resource group Internal
17:02:29: Finished parsing scripts for resource group Internal
17:02:29: Texture: core.png: Loading 1 faces(PF_A8R8G8B8,1024x256x1) with 0 generated mipmaps from Image. Internal format is PF_A8R8G8B8,1024x256x1.
17:02:30: Texture: core_pointer.png: Loading 1 faces(PF_A8R8G8B8,256x128x1) with 0 generated mipmaps from Image. Internal format is PF_A8R8G8B8,256x128x1.
17:02:30: Texture: Default_Texture: Loading 1 faces(PF_BYTE_LA,1024x128x1) with 0 generated mipmaps from Image. Internal format is PF_BYTE_LA,1024x128x1.
17:02:30: Texture: DejaVuSans.14_Texture: Loading 1 faces(PF_BYTE_LA,1024x128x1) with 0 generated mipmaps from Image. Internal format is PF_BYTE_LA,1024x128x1.
17:02:30: Mesh: Loading board.mesh.
17:02:31: Texture: board.png: Loading 1 faces(PF_SHORT_RGBA,1024x1024x1) with  hardware generated mipmaps from Image. Internal format is PF_SHORT_RGBA,1024x1024x1.
17:02:31: Texture: Bg_1.png: Loading 1 faces(PF_R8G8B8,1024x768x1) with 10 generated mipmaps from Image. Internal format is PF_X8R8G8B8,1024x768x1.
17:02:33: Mesh: Loading brick1.mesh.
17:02:44: TerrainSceneManager: Registered a new PageSource for type Heightmap
17:02:44: PCZone Factory Type 'ZoneType_Octree' unregistered
17:02:44: PCZone Factory Type 'ZoneType_Terrain' unregistered
17:02:44: Unregistering ResourceManager for type BspLevel
17:02:44: *-*-* OGRE Shutdown
17:02:44: *-*-* OGRE Shutdown
17:02:44: Unregistering ResourceManager for type Compositor
17:02:44: Unregistering ResourceManager for type Font
17:02:44: Unregistering ResourceManager for type Skeleton
17:02:44: Unregistering ResourceManager for type Mesh
17:02:44: Unregistering ResourceManager for type HighLevelGpuProgram
17:02:44: Uninstalling plugin: Octree & Terrain Scene Manager
17:02:44: Plugin successfully uninstalled
17:02:44: Unloading library .\Plugin_OctreeSceneManager_d
17:02:44: Uninstalling plugin: Octree Zone Factory
17:02:44: Plugin successfully uninstalled
17:02:44: Unloading library .\Plugin_OctreeZone_d.dll
17:02:44: Uninstalling plugin: Portal Connected Zone Scene Manager
17:02:44: Plugin successfully uninstalled
17:02:44: Unloading library .\Plugin_PCZSceneManager_d.dll
17:02:44: Uninstalling plugin: Cg Program Manager
17:02:44: Plugin successfully uninstalled
17:02:44: Unloading library .\Plugin_CgProgramManager_d
17:02:45: Uninstalling plugin: BSP Scene Manager
17:02:45: Plugin successfully uninstalled
17:02:45: Unloading library .\Plugin_BSPSceneManager_d
17:02:45: Uninstalling plugin: ParticleFX
17:02:45: Plugin successfully uninstalled
17:02:45: Unloading library .\Plugin_ParticleFX_d
17:02:45: Uninstalling plugin: GL RenderSystem
17:02:45: *** Stopping Win32GL Subsystem ***
17:02:45: Plugin successfully uninstalled
17:02:45: Unloading library .\RenderSystem_GL_d
17:02:45: Uninstalling plugin: D3D9 RenderSystem
17:02:45: D3D9 : Shutting down cleanly.
17:02:45: Unregistering ResourceManager for type Texture
17:02:45: Unregistering ResourceManager for type GpuProgram
17:02:45: D3D9 : Direct3D9 Rendering Subsystem destroyed.
17:02:45: Plugin successfully uninstalled
17:02:45: Unloading library .\RenderSystem_Direct3D9_d
17:02:45: Unregistering ResourceManager for type Material
